<?xml version="1.0" encoding="UTF-8"?>
<!-- Generated by org.testng.reporters.JUnitReportReporter -->
<testsuite hostname="SHIVA-PC" failures="0" tests="1" name="executetestcase.ExecuteTestCase" time="8.396" errors="0" timestamp="2023-12-07T10:17:35 IST" skipped="0">
  <testcase classname="executetestcase.ExecuteTestCase" name="f" time="8.396"/>
  <system-out/>
</testsuite> <!-- executetestcase.ExecuteTestCase -->
